homework05/app/build/intermediates/manifest_merge_blame_file/debug/manifest-merger-blame-debug-report.txt
1<?xml version="1.0" encoding="utf-8"?>
2<manifest xmlns:android="http://schemas.android.com/apk/res/android"
3    package="com.example.homework004"
4    android:versionCode="1"
5    android:versionName="1.0" >
6
7    <uses-sdk
8        android:minSdkVersion="26"
8-->src\main\AndroidManifest.xml
9        android:targetSdkVersion="28" />
9-->src\main\AndroidManifest.xml
10
11    <application
11-->src\main\AndroidManifest.xml:5:5-42:19
12        android:allowBackup="true"
12-->src\main\AndroidManifest.xml:6:9-35
13        android:appComponentFactory="androidx.core.app.CoreComponentFactory"
13-->[androidx.core:core:1.0.1] AndroidManifest.xml:22:18-86
14        android:debuggable="true"
15        android:icon="@mipmap/ic_launcher"
15-->src\main\AndroidManifest.xml:7:9-43
16        android:label="18990138-黄文盛"
16-->src\main\AndroidManifest.xml:8:9-37
17        android:roundIcon="@mipmap/ic_launcher_round"
17-->src\main\AndroidManifest.xml:9:9-54
18        android:supportsRtl="true"
18-->src\main\AndroidManifest.xml:10:9-35
19        android:testOnly="true"
20        android:theme="@style/AppTheme" >
20-->src\main\AndroidManifest.xml:11:9-40
21        <activity
21-->src\main\AndroidManifest.xml:12:9-87
22            android:name="com.example.homework004.RegisterActivity"
22-->src\main\AndroidManifest.xml:12:19-51
23            android:exported="true" />
23-->src\main\AndroidManifest.xml:12:52-75
24        <activity
24-->src\main\AndroidManifest.xml:13:9-15:39
25            android:name="com.example.homework004.TextWriteActivity"
25-->src\main\AndroidManifest.xml:14:13-46
26            android:exported="true" />
26-->src\main\AndroidManifest.xml:15:13-36
27        <activity android:name="com.example.homework004.TextReadActivity" />
27-->src\main\AndroidManifest.xml:16:9-54
27-->src\main\AndroidManifest.xml:16:19-51
28        <activity
28-->src\main\AndroidManifest.xml:17:9-80
29            android:name="com.example.homework004.ShareWriteActivity"
29-->src\main\AndroidManifest.xml:17:19-53
30            android:exported="true" />
30-->src\main\AndroidManifest.xml:17:55-78
31        <activity android:name="com.example.homework004.ShareReadActivity" />
31-->src\main\AndroidManifest.xml:18:9-55
31-->src\main\AndroidManifest.xml:18:19-52
32        <activity
32-->src\main\AndroidManifest.xml:19:9-82
33            android:name="com.example.homework004.SQLiteWriteActivity"
33-->src\main\AndroidManifest.xml:19:19-54
34            android:exported="true" />
34-->src\main\AndroidManifest.xml:19:56-79
35        <activity android:name="com.example.homework004.SQLiteReadActivity" />
35-->src\main\AndroidManifest.xml:20:9-56
35-->src\main\AndroidManifest.xml:20:19-53
36        <activity android:name="com.example.homework004.SDCardInfoActivity" />
36-->src\main\AndroidManifest.xml:21:9-56
36-->src\main\AndroidManifest.xml:21:19-53
37        <activity
37-->src\main\AndroidManifest.xml:22:9-79
38            android:name="com.example.homework004.ImageWriteActivity"
38-->src\main\AndroidManifest.xml:22:19-53
39            android:exported="true" />
39-->src\main\AndroidManifest.xml:22:54-77
40        <activity android:name="com.example.homework004.ImageReadActivity" />
40-->src\main\AndroidManifest.xml:23:9-55
40-->src\main\AndroidManifest.xml:23:19-52
41        <activity
41-->src\main\AndroidManifest.xml:24:9-78
42            android:name="com.example.homework004.AppWriteActivity"
42-->src\main\AndroidManifest.xml:24:19-51
43            android:exported="true" />
43-->src\main\AndroidManifest.xml:24:53-76
44        <activity android:name="com.example.homework004.AppReadActivity" />
44-->src\main\AndroidManifest.xml:25:9-53
44-->src\main\AndroidManifest.xml:25:19-50
45        <activity
45-->src\main\AndroidManifest.xml:26:9-28:39
46            android:name="com.example.homework004.LoginForgetActivity"
46-->src\main\AndroidManifest.xml:27:13-48
47            android:exported="true" />
47-->src\main\AndroidManifest.xml:28:13-36
48        <activity
48-->src\main\AndroidManifest.xml:29:9-31:39
49            android:name="com.example.homework004.EditTextActivity"
49-->src\main\AndroidManifest.xml:30:13-45
50            android:exported="true" />
50-->src\main\AndroidManifest.xml:31:13-36
51        <activity
51-->src\main\AndroidManifest.xml:32:9-34:39
52            android:name="com.example.homework004.SwitchActivity"
52-->src\main\AndroidManifest.xml:33:13-43
53            android:exported="true" />
53-->src\main\AndroidManifest.xml:34:13-36
54        <activity android:name="com.example.homework004.MainActivity" >
54-->src\main\AndroidManifest.xml:35:9-41:20
54-->src\main\AndroidManifest.xml:35:19-47
55            <intent-filter>
55-->src\main\AndroidManifest.xml:36:13-40:29
56                <action android:name="android.intent.action.MAIN" />
56-->src\main\AndroidManifest.xml:37:17-69
56-->src\main\AndroidManifest.xml:37:25-66
57
58                <category android:name="android.intent.category.LAUNCHER" />
58-->src\main\AndroidManifest.xml:39:17-77
58-->src\main\AndroidManifest.xml:39:27-74
59            </intent-filter>
60        </activity>
61    </application>
62
63</manifest>